<?xml version="1.0" encoding="UTF-8"?>
<!-- Generated by org.testng.reporters.JUnitXMLReporter -->
<testsuite ignored="0" hostname="Rohit_kumar" failures="1" tests="10" name="Test" time="18.336" errors="0" timestamp="2024-06-21T14:13:30 IST">
  <testcase classname="TestPakage.LoginTestPage" name="Title" time="0.019"/>
  <testcase classname="TestPakage.LoginTestPage" name="URL" time="0.017"/>
  <testcase classname="TestPakage.LoginTestPage" name="clickonclose" time="0.094"/>
  <testcase classname="TestPakage.LoginTestPage" name="clickonpractice" time="4.159"/>
  <testcase classname="TestPakage.TextBoxPageTest" name="click_on_close" time="0.072"/>
  <testcase classname="TestPakage.TextBoxPageTest" name="click_on_practice" time="4.308"/>
  <testcase classname="TestPakage.TextBoxPageTest" name="click_on_element" time="0.066"/>
  <testcase classname="TestPakage.TextBoxPageTest" name="click_on_text_box" time="0.114"/>
  <testcase classname="TestPakage.TextBoxPageTest" name="details" time="0.467"/>
  <testcase classname="TestPakage.TextBoxPageTest" name="Copy_Details_Of_List" time="0.068">
    <failure type="org.openqa.selenium.UnhandledAlertException" message="unexpected alert open: {Alert text : Name can&amp;apos;t be blank }
  (Session info: chrome=126.0.6478.115): Name can&amp;apos;t be blank 
Build info: version: &amp;apos;3.141.59&amp;apos;, revision: &amp;apos;e82be7d358&amp;apos;, time: &amp;apos;2018-11-14T08:25:48&amp;apos;
System info: host: &amp;apos;ROHIT_KUMAR&amp;apos;, ip: &amp;apos;192.168.1.13&amp;apos;, os.name: &amp;apos;Windows 11&amp;apos;, os.arch: &amp;apos;amd64&amp;apos;, os.version: &amp;apos;10.0&amp;apos;, java.version: &amp;apos;21.0.2&amp;apos;
Driver info: org.openqa.selenium.chrome.ChromeDriver
Capabilities {acceptInsecureCerts: false, browserName: chrome, browserVersion: 126.0.6478.115, chrome: {chromedriverVersion: 126.0.6478.62 (b2781ca4c383..., userDataDir: C:\Users\rohit\AppData\Loca...}, fedcm:accounts: true, goog:chromeOptions: {debuggerAddress: localhost:65131}, javascriptEnabled: true, networkConnectionEnabled: false, pageLoadStrategy: normal, platform: WINDOWS, platformName: WINDOWS, proxy: Proxy(), setWindowRect: true, strictFileInteractability: false, timeouts: {implicit: 0, pageLoad: 300000, script: 30000}, unhandledPromptBehavior: dismiss and notify, webauthn:extension:credBlob: true, webauthn:extension:largeBlob: true, webauthn:extension:minPinLength: true, webauthn:extension:prf: true, webauthn:virtualAuthenticators: true}
Session ID: de2774b2fb10e889196e7313f47f5df7
*** Element info: {Using=xpath, value=//div[@class=&amp;quot;col-md-6 mt-5&amp;quot;]/label}">
      <![CDATA[org.openqa.selenium.UnhandledAlertException: unexpected alert open: {Alert text : Name can't be blank }
  (Session info: chrome=126.0.6478.115): Name can't be blank 
Build info: version: '3.141.59', revision: 'e82be7d358', time: '2018-11-14T08:25:48'
System info: host: 'ROHIT_KUMAR', ip: '192.168.1.13', os.name: 'Windows 11', os.arch: 'amd64', os.version: '10.0', java.version: '21.0.2'
Driver info: org.openqa.selenium.chrome.ChromeDriver
Capabilities {acceptInsecureCerts: false, browserName: chrome, browserVersion: 126.0.6478.115, chrome: {chromedriverVersion: 126.0.6478.62 (b2781ca4c383..., userDataDir: C:\Users\rohit\AppData\Loca...}, fedcm:accounts: true, goog:chromeOptions: {debuggerAddress: localhost:65131}, javascriptEnabled: true, networkConnectionEnabled: false, pageLoadStrategy: normal, platform: WINDOWS, platformName: WINDOWS, proxy: Proxy(), setWindowRect: true, strictFileInteractability: false, timeouts: {implicit: 0, pageLoad: 300000, script: 30000}, unhandledPromptBehavior: dismiss and notify, webauthn:extension:credBlob: true, webauthn:extension:largeBlob: true, webauthn:extension:minPinLength: true, webauthn:extension:prf: true, webauthn:virtualAuthenticators: true}
Session ID: de2774b2fb10e889196e7313f47f5df7
*** Element info: {Using=xpath, value=//div[@class="col-md-6 mt-5"]/label}
at org.openqa.selenium.remote.http.W3CHttpResponseCodec.decode(W3CHttpResponseCodec.java:120)
at org.openqa.selenium.remote.http.W3CHttpResponseCodec.decode(W3CHttpResponseCodec.java:49)
at org.openqa.selenium.remote.HttpCommandExecutor.execute(HttpCommandExecutor.java:158)
at org.openqa.selenium.remote.service.DriverCommandExecutor.execute(DriverCommandExecutor.java:83)
at org.openqa.selenium.remote.RemoteWebDriver.execute(RemoteWebDriver.java:552)
at org.openqa.selenium.remote.RemoteWebDriver.findElements(RemoteWebDriver.java:353)
at org.openqa.selenium.remote.RemoteWebDriver.findElementsByXPath(RemoteWebDriver.java:432)
at org.openqa.selenium.By$ByXPath.findElements(By.java:348)
at org.openqa.selenium.remote.RemoteWebDriver.findElements(RemoteWebDriver.java:311)
at org.openqa.selenium.support.pagefactory.DefaultElementLocator.findElements(DefaultElementLocator.java:85)
at org.openqa.selenium.support.pagefactory.internal.LocatingElementListHandler.invoke(LocatingElementListHandler.java:36)
at jdk.proxy2/jdk.proxy2.$Proxy12.size(Unknown Source)
at PagePakage.TextBoxPage.getvadilate(TextBoxPage.java:84)
at TestPakage.TextBoxPageTest.Copy_Details_Of_List(TextBoxPageTest.java:50)
at java.base/java.util.ArrayList.forEach(ArrayList.java:1596)
... Removed 25 stack frames]]>
    </failure>
  </testcase> <!-- Copy_Details_Of_List -->
</testsuite> <!-- Test -->
