<?xml version="1.0" encoding="UTF-8"?>
<!-- Generated by org.testng.reporters.JUnitXMLReporter -->
<testsuite ignored="0" hostname="Rohit_kumar" failures="0" tests="4" name="Login Page test" time="1.439" errors="0" timestamp="2024-09-17T11:58:03 IST">
  <testcase classname="TestPakage.LoginTestPage" name="@BeforeTest LunchUrl" time="1.393">
    <failure type="org.openqa.selenium.SessionNotCreatedException" message="session not created: This version of OperaDriver only supports Opera version 113
Current browser version is 127.0.6533.120 with binary path C:\Users\rohit\AppData\Local\Programs\Opera\113.0.5230.86\opera.exe
  (Driver info: operadriver=113.0.5672.127 (8da0c060b24fe8c84cb753bd0659e49fc290d3e8-refs/branch-heads/5672@{#1203}),platform=Windows NT 10.0.22621 x86_64) (WARNING: The server did not provide any stacktrace information)
Command duration or timeout: 975 milliseconds
Build info: version: &amp;apos;3.141.59&amp;apos;, revision: &amp;apos;e82be7d358&amp;apos;, time: &amp;apos;2018-11-14T08:25:48&amp;apos;
System info: host: &amp;apos;ROHIT_KUMAR&amp;apos;, ip: &amp;apos;192.168.1.13&amp;apos;, os.name: &amp;apos;Windows 11&amp;apos;, os.arch: &amp;apos;amd64&amp;apos;, os.version: &amp;apos;10.0&amp;apos;, java.version: &amp;apos;21.0.2&amp;apos;
Driver info: driver.version: OperaDriver">
      <![CDATA[org.openqa.selenium.SessionNotCreatedException: session not created: This version of OperaDriver only supports Opera version 113
Current browser version is 127.0.6533.120 with binary path C:\Users\rohit\AppData\Local\Programs\Opera\113.0.5230.86\opera.exe
  (Driver info: operadriver=113.0.5672.127 (8da0c060b24fe8c84cb753bd0659e49fc290d3e8-refs/branch-heads/5672@{#1203}),platform=Windows NT 10.0.22621 x86_64) (WARNING: The server did not provide any stacktrace information)
Command duration or timeout: 975 milliseconds
Build info: version: '3.141.59', revision: 'e82be7d358', time: '2018-11-14T08:25:48'
System info: host: 'ROHIT_KUMAR', ip: '192.168.1.13', os.name: 'Windows 11', os.arch: 'amd64', os.version: '10.0', java.version: '21.0.2'
Driver info: driver.version: OperaDriver
at org.openqa.selenium.remote.ErrorHandler.createThrowable(ErrorHandler.java:214)
at org.openqa.selenium.remote.ErrorHandler.throwIfResponseFailed(ErrorHandler.java:166)
at org.openqa.selenium.remote.JsonWireProtocolResponse.lambda$errorHandler$0(JsonWireProtocolResponse.java:54)
at org.openqa.selenium.remote.HandshakeResponse.lambda$getResponseFunction$0(HandshakeResponse.java:30)
at org.openqa.selenium.remote.ProtocolHandshake.lambda$createSession$0(ProtocolHandshake.java:126)
at java.base/java.util.stream.ReferencePipeline$3$1.accept(ReferencePipeline.java:197)
at java.base/java.util.Spliterators$ArraySpliterator.tryAdvance(Spliterators.java:1034)
at java.base/java.util.stream.ReferencePipeline.forEachWithCancel(ReferencePipeline.java:129)
at java.base/java.util.stream.AbstractPipeline.copyIntoWithCancel(AbstractPipeline.java:527)
at java.base/java.util.stream.AbstractPipeline.copyInto(AbstractPipeline.java:513)
at java.base/java.util.stream.AbstractPipeline.wrapAndCopyInto(AbstractPipeline.java:499)
at java.base/java.util.stream.FindOps$FindOp.evaluateSequential(FindOps.java:150)
at java.base/java.util.stream.AbstractPipeline.evaluate(AbstractPipeline.java:234)
at java.base/java.util.stream.ReferencePipeline.findFirst(ReferencePipeline.java:647)
at org.openqa.selenium.remote.ProtocolHandshake.createSession(ProtocolHandshake.java:128)
at org.openqa.selenium.remote.ProtocolHandshake.createSession(ProtocolHandshake.java:74)
at org.openqa.selenium.remote.HttpCommandExecutor.execute(HttpCommandExecutor.java:136)
at org.openqa.selenium.remote.service.DriverCommandExecutor.execute(DriverCommandExecutor.java:83)
at org.openqa.selenium.remote.RemoteWebDriver.execute(RemoteWebDriver.java:552)
at org.openqa.selenium.remote.RemoteWebDriver.startSession(RemoteWebDriver.java:213)
at org.openqa.selenium.remote.RemoteWebDriver.<init>(RemoteWebDriver.java:131)
at org.openqa.selenium.opera.OperaDriver.<init>(OperaDriver.java:173)
at org.openqa.selenium.opera.OperaDriver.<init>(OperaDriver.java:160)
at org.openqa.selenium.opera.OperaDriver.<init>(OperaDriver.java:115)
at BaseLibraryPackage.BaseLibrary.lunchURL(BaseLibrary.java:56)
at TestPakage.LoginTestPage.LunchUrl(LoginTestPage.java:21)
... Removed 25 stack frames]]>
    </failure>
  </testcase> <!-- @BeforeTest LunchUrl -->
  <testcase classname="BaseLibraryPackage.BaseLibrary" name="@AfterMethod getResultAnalysis" time="-1.726554482964E9">
    <skipped/>
  </testcase> <!-- @AfterMethod getResultAnalysis -->
  <testcase classname="BaseLibraryPackage.BaseLibrary" name="@AfterMethod getResultAnalysis" time="-1.726554482969E9">
    <skipped/>
  </testcase> <!-- @AfterMethod getResultAnalysis -->
  <testcase classname="BaseLibraryPackage.BaseLibrary" name="@AfterMethod getResultAnalysis" time="-1.726554482973E9">
    <skipped/>
  </testcase> <!-- @AfterMethod getResultAnalysis -->
  <testcase classname="BaseLibraryPackage.BaseLibrary" name="@AfterMethod getResultAnalysis" time="-1.726554482976E9">
    <skipped/>
  </testcase> <!-- @AfterMethod getResultAnalysis -->
  <testcase classname="TestPakage.LoginTestPage" name="Title" time="0.0">
    <skipped/>
  </testcase> <!-- Title -->
  <testcase classname="TestPakage.LoginTestPage" name="URL" time="0.0">
    <skipped/>
  </testcase> <!-- URL -->
  <testcase classname="TestPakage.LoginTestPage" name="clickonclose" time="0.0">
    <skipped/>
  </testcase> <!-- clickonclose -->
  <testcase classname="TestPakage.LoginTestPage" name="clickonpractice" time="0.0">
    <skipped/>
  </testcase> <!-- clickonpractice -->
</testsuite> <!-- Login Page test -->
